METHOD: POST URL: /boards BODY: {"title":"Autotest board","columns":[{"title":"Backlog","order":1},{"title":"Sprint","order":2}]}, QUERY PARAMETERS: {} 2.950 -
METHOD: POST URL: /boards/fb03c1df-0e30-44b3-8551-be3dd44df38b/tasks BODY: {"title":"Autotest task","order":0,"description":"Lorem ipsum","userId":null,"boardId":null,"columnId":null}, QUERY PARAMETERS: {"boardId":"fb03c1df-0e30-44b3-8551-be3dd44df38b"} 1.739 -
METHOD: POST URL: /boards BODY: {"title":"Autotest board","columns":[{"title":"Backlog","order":1},{"title":"Sprint","order":2}]}, QUERY PARAMETERS: {} 0.312 -
METHOD: GET URL: /boards BODY: {}, QUERY PARAMETERS: {} 0.588 -
METHOD: GET URL: /boards BODY: {}, QUERY PARAMETERS: {} 0.341 -
METHOD: GET URL: /boards/fb03c1df-0e30-44b3-8551-be3dd44df38b BODY: {}, QUERY PARAMETERS: {"id":"fb03c1df-0e30-44b3-8551-be3dd44df38b"} 0.723 -
METHOD: GET URL: /boards/fb03c1df-0e30-44b3-8551-be3dd44df38b/tasks BODY: {}, QUERY PARAMETERS: {"boardId":"fb03c1df-0e30-44b3-8551-be3dd44df38b"} 0.646 -
METHOD: POST URL: /boards BODY: {"title":"Autotest board","columns":[{"title":"Backlog","order":1},{"title":"Sprint","order":2}]}, QUERY PARAMETERS: {} 0.369 -
METHOD: DELETE URL: /boards/b077b5c8-453b-4495-af29-88f954e382fa BODY: {}, QUERY PARAMETERS: {"id":"b077b5c8-453b-4495-af29-88f954e382fa"} 0.797 -
METHOD: POST URL: /boards BODY: {"title":"Autotest board","columns":[{"title":"Backlog","order":1},{"title":"Sprint","order":2}]}, QUERY PARAMETERS: {} 0.652 -
METHOD: PUT URL: /boards/96853b70-b28b-4527-9893-40acc55a54cf BODY: {"id":"96853b70-b28b-4527-9893-40acc55a54cf","title":"Autotest updated board","columns":[{"title":"Backlog","order":1},{"title":"Sprint","order":2}]}, QUERY PARAMETERS: {"id":"96853b70-b28b-4527-9893-40acc55a54cf"} 0.771 -
METHOD: GET URL: /boards/96853b70-b28b-4527-9893-40acc55a54cf BODY: {}, QUERY PARAMETERS: {"id":"96853b70-b28b-4527-9893-40acc55a54cf"} 1.526 -
METHOD: DELETE URL: /boards/96853b70-b28b-4527-9893-40acc55a54cf BODY: {}, QUERY PARAMETERS: {"id":"96853b70-b28b-4527-9893-40acc55a54cf"} 0.673 -
METHOD: GET URL: /boards/fb03c1df-0e30-44b3-8551-be3dd44df38b/tasks BODY: {}, QUERY PARAMETERS: {"boardId":"fb03c1df-0e30-44b3-8551-be3dd44df38b"} 1.014 -
METHOD: POST URL: /boards BODY: {"title":"Autotest board","columns":[{"title":"Backlog","order":1},{"title":"Sprint","order":2}]}, QUERY PARAMETERS: {} 0.351 -
METHOD: DELETE URL: /boards/f3c4b66e-36cd-4ce4-875d-7ce2b2f86a09 BODY: {}, QUERY PARAMETERS: {"id":"f3c4b66e-36cd-4ce4-875d-7ce2b2f86a09"} 0.400 -
METHOD: GET URL: /boards/fb03c1df-0e30-44b3-8551-be3dd44df38b/tasks/8b2c65df-ebbc-4209-9b3f-f84674010f0e BODY: {}, QUERY PARAMETERS: {"boardId":"fb03c1df-0e30-44b3-8551-be3dd44df38b","id":"8b2c65df-ebbc-4209-9b3f-f84674010f0e"} 1.332 -
METHOD: GET URL: /boards/f3c4b66e-36cd-4ce4-875d-7ce2b2f86a09 BODY: {}, QUERY PARAMETERS: {"id":"f3c4b66e-36cd-4ce4-875d-7ce2b2f86a09"} 1.158 -
METHOD: POST URL: /boards BODY: {"title":"Autotest board","columns":[{"title":"Backlog","order":1},{"title":"Sprint","order":2}]}, QUERY PARAMETERS: {} 0.607 -
METHOD: POST URL: /boards/d5532aed-f3ad-4bef-a988-6c533a16f835/tasks BODY: {"title":"Task #1","order":1,"description":"Lorem ipsum","boardId":"d5532aed-f3ad-4bef-a988-6c533a16f835","userId":null,"columnId":null}, QUERY PARAMETERS: {"boardId":"d5532aed-f3ad-4bef-a988-6c533a16f835"} 0.402 -
METHOD: POST URL: /boards/d5532aed-f3ad-4bef-a988-6c533a16f835/tasks BODY: {"title":"Task #2","order":2,"description":"Lorem ipsum","boardId":"d5532aed-f3ad-4bef-a988-6c533a16f835","userId":null,"columnId":null}, QUERY PARAMETERS: {"boardId":"d5532aed-f3ad-4bef-a988-6c533a16f835"} 0.348 -
METHOD: POST URL: /boards/d5532aed-f3ad-4bef-a988-6c533a16f835/tasks BODY: {"title":"Task #3","order":3,"description":"Lorem ipsum","boardId":"d5532aed-f3ad-4bef-a988-6c533a16f835","userId":null,"columnId":null}, QUERY PARAMETERS: {"boardId":"d5532aed-f3ad-4bef-a988-6c533a16f835"} 0.317 -
METHOD: POST URL: /boards/fb03c1df-0e30-44b3-8551-be3dd44df38b/tasks BODY: {"title":"Autotest task","order":0,"description":"Lorem ipsum","userId":null,"boardId":null,"columnId":null}, QUERY PARAMETERS: {"boardId":"fb03c1df-0e30-44b3-8551-be3dd44df38b"} 0.360 -
METHOD: DELETE URL: /boards/fb03c1df-0e30-44b3-8551-be3dd44df38b/tasks/6e1f9bc0-aa12-432a-b143-8c03c609e903 BODY: {}, QUERY PARAMETERS: {"boardId":"fb03c1df-0e30-44b3-8551-be3dd44df38b","id":"6e1f9bc0-aa12-432a-b143-8c03c609e903"} 0.599 -
METHOD: POST URL: /boards/fb03c1df-0e30-44b3-8551-be3dd44df38b/tasks BODY: {"title":"Autotest task","order":0,"description":"Lorem ipsum","userId":null,"boardId":null,"columnId":null}, QUERY PARAMETERS: {"boardId":"fb03c1df-0e30-44b3-8551-be3dd44df38b"} 0.317 -
METHOD: PUT URL: /boards/fb03c1df-0e30-44b3-8551-be3dd44df38b/tasks/8b563225-cb7e-404b-821e-7c622a2b7941 BODY: {"id":"8b563225-cb7e-404b-821e-7c622a2b7941","title":"Autotest updated task","order":0,"description":"Lorem ipsum","userId":null,"boardId":"fb03c1df-0e30-44b3-8551-be3dd44df38b","columnId":null}, QUERY PARAMETERS: {"boardId":"fb03c1df-0e30-44b3-8551-be3dd44df38b","id":"8b563225-cb7e-404b-821e-7c622a2b7941"} 0.561 -
METHOD: GET URL: /boards/fb03c1df-0e30-44b3-8551-be3dd44df38b/tasks/8b563225-cb7e-404b-821e-7c622a2b7941 BODY: {}, QUERY PARAMETERS: {"boardId":"fb03c1df-0e30-44b3-8551-be3dd44df38b","id":"8b563225-cb7e-404b-821e-7c622a2b7941"} 0.355 -
METHOD: GET URL: /boards/fb03c1df-0e30-44b3-8551-be3dd44df38b/tasks/8b2c65df-ebbc-4209-9b3f-f84674010f0e BODY: {}, QUERY PARAMETERS: {"boardId":"fb03c1df-0e30-44b3-8551-be3dd44df38b","id":"8b2c65df-ebbc-4209-9b3f-f84674010f0e"} 0.334 -
METHOD: DELETE URL: /boards/fb03c1df-0e30-44b3-8551-be3dd44df38b/tasks/8b2c65df-ebbc-4209-9b3f-f84674010f0e BODY: {}, QUERY PARAMETERS: {"boardId":"fb03c1df-0e30-44b3-8551-be3dd44df38b","id":"8b2c65df-ebbc-4209-9b3f-f84674010f0e"} 0.326 -
METHOD: GET URL: /boards/fb03c1df-0e30-44b3-8551-be3dd44df38b/tasks/8b2c65df-ebbc-4209-9b3f-f84674010f0e BODY: {}, QUERY PARAMETERS: {"boardId":"fb03c1df-0e30-44b3-8551-be3dd44df38b","id":"8b2c65df-ebbc-4209-9b3f-f84674010f0e"} 0.373 -
METHOD: DELETE URL: /boards/fb03c1df-0e30-44b3-8551-be3dd44df38b BODY: {}, QUERY PARAMETERS: {"id":"fb03c1df-0e30-44b3-8551-be3dd44df38b"} 0.339 -
METHOD: POST URL: /boards/d5532aed-f3ad-4bef-a988-6c533a16f835/tasks BODY: {"title":"Task #4","order":4,"description":"Lorem ipsum","boardId":"d5532aed-f3ad-4bef-a988-6c533a16f835","userId":null,"columnId":null}, QUERY PARAMETERS: {"boardId":"d5532aed-f3ad-4bef-a988-6c533a16f835"} 0.292 -
METHOD: POST URL: /boards/d5532aed-f3ad-4bef-a988-6c533a16f835/tasks BODY: {"title":"Task #5","order":5,"description":"Lorem ipsum","boardId":"d5532aed-f3ad-4bef-a988-6c533a16f835","userId":null,"columnId":null}, QUERY PARAMETERS: {"boardId":"d5532aed-f3ad-4bef-a988-6c533a16f835"} 0.303 -
METHOD: GET URL: /boards/d5532aed-f3ad-4bef-a988-6c533a16f835/tasks/ec04a989-59a6-4d0d-98c8-35309580e96b BODY: {}, QUERY PARAMETERS: {"boardId":"d5532aed-f3ad-4bef-a988-6c533a16f835","id":"ec04a989-59a6-4d0d-98c8-35309580e96b"} 1.002 -
METHOD: GET URL: /boards/d5532aed-f3ad-4bef-a988-6c533a16f835/tasks/f17782a1-a4ab-4771-b9ca-285d20345b19 BODY: {}, QUERY PARAMETERS: {"boardId":"d5532aed-f3ad-4bef-a988-6c533a16f835","id":"f17782a1-a4ab-4771-b9ca-285d20345b19"} 0.334 -
METHOD: GET URL: /boards/d5532aed-f3ad-4bef-a988-6c533a16f835/tasks/935bb96a-3680-494a-bf29-f128fa915b20 BODY: {}, QUERY PARAMETERS: {"boardId":"d5532aed-f3ad-4bef-a988-6c533a16f835","id":"935bb96a-3680-494a-bf29-f128fa915b20"} 0.396 -
METHOD: GET URL: /boards/d5532aed-f3ad-4bef-a988-6c533a16f835/tasks/ed13d9a0-2df7-4b70-8eff-90f91bdbc5b7 BODY: {}, QUERY PARAMETERS: {"boardId":"d5532aed-f3ad-4bef-a988-6c533a16f835","id":"ed13d9a0-2df7-4b70-8eff-90f91bdbc5b7"} 0.424 -
METHOD: GET URL: /boards/d5532aed-f3ad-4bef-a988-6c533a16f835/tasks/ff484b60-5a43-4432-8e39-547eb1a093a0 BODY: {}, QUERY PARAMETERS: {"boardId":"d5532aed-f3ad-4bef-a988-6c533a16f835","id":"ff484b60-5a43-4432-8e39-547eb1a093a0"} 0.548 -
METHOD: DELETE URL: /boards/d5532aed-f3ad-4bef-a988-6c533a16f835 BODY: {}, QUERY PARAMETERS: {"id":"d5532aed-f3ad-4bef-a988-6c533a16f835"} 0.328 -
METHOD: GET URL: /boards/d5532aed-f3ad-4bef-a988-6c533a16f835/tasks/ec04a989-59a6-4d0d-98c8-35309580e96b BODY: {}, QUERY PARAMETERS: {"boardId":"d5532aed-f3ad-4bef-a988-6c533a16f835","id":"ec04a989-59a6-4d0d-98c8-35309580e96b"} 0.486 -
METHOD: GET URL: /boards/d5532aed-f3ad-4bef-a988-6c533a16f835/tasks/f17782a1-a4ab-4771-b9ca-285d20345b19 BODY: {}, QUERY PARAMETERS: {"boardId":"d5532aed-f3ad-4bef-a988-6c533a16f835","id":"f17782a1-a4ab-4771-b9ca-285d20345b19"} 0.405 -
METHOD: GET URL: /boards/d5532aed-f3ad-4bef-a988-6c533a16f835/tasks/935bb96a-3680-494a-bf29-f128fa915b20 BODY: {}, QUERY PARAMETERS: {"boardId":"d5532aed-f3ad-4bef-a988-6c533a16f835","id":"935bb96a-3680-494a-bf29-f128fa915b20"} 0.394 -
METHOD: GET URL: /boards/d5532aed-f3ad-4bef-a988-6c533a16f835/tasks/ed13d9a0-2df7-4b70-8eff-90f91bdbc5b7 BODY: {}, QUERY PARAMETERS: {"boardId":"d5532aed-f3ad-4bef-a988-6c533a16f835","id":"ed13d9a0-2df7-4b70-8eff-90f91bdbc5b7"} 0.352 -
METHOD: GET URL: /boards/d5532aed-f3ad-4bef-a988-6c533a16f835/tasks/ff484b60-5a43-4432-8e39-547eb1a093a0 BODY: {}, QUERY PARAMETERS: {"boardId":"d5532aed-f3ad-4bef-a988-6c533a16f835","id":"ff484b60-5a43-4432-8e39-547eb1a093a0"} 0.349 -
METHOD: GET URL: /users BODY: {}, QUERY PARAMETERS: {} 0.546 -
METHOD: DELETE URL: /boards/d72747c0-7ca8-4dea-9e4e-89a1e86d80c7 BODY: {}, QUERY PARAMETERS: {"id":"d72747c0-7ca8-4dea-9e4e-89a1e86d80c7"} 0.342 -
METHOD: POST URL: /users BODY: {"name":"TEST_USER","login":"test_user","password":"T35t_P@55w0rd"}, QUERY PARAMETERS: {} 0.679 -
METHOD: GET URL: /users/3bb2d57d-0f44-453a-a172-bb38e4d083c0 BODY: {}, QUERY PARAMETERS: {"id":"3bb2d57d-0f44-453a-a172-bb38e4d083c0"} 0.795 -
METHOD: DELETE URL: /users/3bb2d57d-0f44-453a-a172-bb38e4d083c0 BODY: {}, QUERY PARAMETERS: {"id":"3bb2d57d-0f44-453a-a172-bb38e4d083c0"} 1.062 -
METHOD: POST URL: /users BODY: {"name":"TEST_USER","login":"test_user","password":"T35t_P@55w0rd"}, QUERY PARAMETERS: {} 0.758 -
METHOD: DELETE URL: /users/1955d0e9-882c-4e0c-9372-2775685f4f21 BODY: {}, QUERY PARAMETERS: {"id":"1955d0e9-882c-4e0c-9372-2775685f4f21"} 0.324 -
METHOD: POST URL: /users BODY: {"name":"TEST_USER","login":"test_user","password":"T35t_P@55w0rd"}, QUERY PARAMETERS: {} 0.318 -
METHOD: PUT URL: /users/5b25a5ab-3874-4f84-92f7-566925f95fa9 BODY: {"name":"Autotest updated TEST_USER","login":"test_user","password":"T35t_P@55w0rd","id":"5b25a5ab-3874-4f84-92f7-566925f95fa9"}, QUERY PARAMETERS: {"id":"5b25a5ab-3874-4f84-92f7-566925f95fa9"} 0.699 -
METHOD: GET URL: /users/5b25a5ab-3874-4f84-92f7-566925f95fa9 BODY: {}, QUERY PARAMETERS: {"id":"5b25a5ab-3874-4f84-92f7-566925f95fa9"} 0.312 -
METHOD: DELETE URL: /users/5b25a5ab-3874-4f84-92f7-566925f95fa9 BODY: {}, QUERY PARAMETERS: {"id":"5b25a5ab-3874-4f84-92f7-566925f95fa9"} 0.328 -
METHOD: POST URL: /users BODY: {"name":"TEST_USER","login":"test_user","password":"T35t_P@55w0rd"}, QUERY PARAMETERS: {} 0.294 -
METHOD: DELETE URL: /users/2f30da53-e747-4923-b3d6-cdcae292ad13 BODY: {}, QUERY PARAMETERS: {"id":"2f30da53-e747-4923-b3d6-cdcae292ad13"} 0.355 -
METHOD: POST URL: /users BODY: {"name":"TEST_USER","login":"test_user","password":"T35t_P@55w0rd"}, QUERY PARAMETERS: {} 0.656 -
METHOD: POST URL: /boards BODY: {"title":"Autotest board","columns":[{"title":"Backlog","order":1},{"title":"Sprint","order":2}]}, QUERY PARAMETERS: {} 0.544 -
METHOD: POST URL: /boards/8bb26858-3445-45f8-9673-cbc686197f9a/tasks BODY: {"title":"Task #1","order":1,"description":"Lorem ipsum","userId":"a604728f-6cf8-4e84-9d7e-ecbd25ee6209","boardId":"8bb26858-3445-45f8-9673-cbc686197f9a"}, QUERY PARAMETERS: {"boardId":"8bb26858-3445-45f8-9673-cbc686197f9a"} 0.357 -
METHOD: POST URL: /boards/8bb26858-3445-45f8-9673-cbc686197f9a/tasks BODY: {"title":"Task #2","order":2,"description":"Lorem ipsum","userId":"a604728f-6cf8-4e84-9d7e-ecbd25ee6209","boardId":"8bb26858-3445-45f8-9673-cbc686197f9a"}, QUERY PARAMETERS: {"boardId":"8bb26858-3445-45f8-9673-cbc686197f9a"} 0.340 -
METHOD: DELETE URL: /users/a604728f-6cf8-4e84-9d7e-ecbd25ee6209 BODY: {}, QUERY PARAMETERS: {"id":"a604728f-6cf8-4e84-9d7e-ecbd25ee6209"} 0.424 -
METHOD: GET URL: /boards/8bb26858-3445-45f8-9673-cbc686197f9a/tasks/dda607e7-46ca-4f73-923d-ff33e5c672f4 BODY: {}, QUERY PARAMETERS: {"boardId":"8bb26858-3445-45f8-9673-cbc686197f9a","id":"dda607e7-46ca-4f73-923d-ff33e5c672f4"} 0.384 -
METHOD: GET URL: /boards/8bb26858-3445-45f8-9673-cbc686197f9a/tasks/11c22299-83b4-41a4-8182-b300901a6db3 BODY: {}, QUERY PARAMETERS: {"boardId":"8bb26858-3445-45f8-9673-cbc686197f9a","id":"11c22299-83b4-41a4-8182-b300901a6db3"} 0.332 -
METHOD: DELETE URL: /boards/8bb26858-3445-45f8-9673-cbc686197f9a/tasks/dda607e7-46ca-4f73-923d-ff33e5c672f4 BODY: {}, QUERY PARAMETERS: {"boardId":"8bb26858-3445-45f8-9673-cbc686197f9a","id":"dda607e7-46ca-4f73-923d-ff33e5c672f4"} 0.333 -
METHOD: DELETE URL: /boards/8bb26858-3445-45f8-9673-cbc686197f9a/tasks/11c22299-83b4-41a4-8182-b300901a6db3 BODY: {}, QUERY PARAMETERS: {"boardId":"8bb26858-3445-45f8-9673-cbc686197f9a","id":"11c22299-83b4-41a4-8182-b300901a6db3"} 0.306 -
METHOD: DELETE URL: /boards/8bb26858-3445-45f8-9673-cbc686197f9a BODY: {}, QUERY PARAMETERS: {"id":"8bb26858-3445-45f8-9673-cbc686197f9a"} 0.292 -
